<?xml version="1.0" encoding="UTF-8"?>
<!-- Generated by org.testng.reporters.JUnitReportReporter -->
<testsuite hostname="sangegs1" name="com.training.sanity.tests.UniformTests" tests="1" failures="0" timestamp="18 Jun 2019 09:18:12 GMT" time="18.991" errors="0">
  <testcase name="orderDelete" time="18.991" classname="com.training.sanity.tests.UniformTests"/>
</testsuite> <!-- com.training.sanity.tests.UniformTests -->
