<?xml version="1.0" encoding="UTF-8"?>
<!-- Generated by org.testng.reporters.JUnitReportReporter -->
<testsuite hostname="sangegs1" name="com.training.sanity.tests.ReturnOrderTest" tests="1" failures="0" timestamp="17 Jun 2019 10:58:46 GMT" time="19.044" errors="0">
  <testcase name="returnOrder" time="19.044" classname="com.training.sanity.tests.ReturnOrderTest"/>
</testsuite> <!-- com.training.sanity.tests.ReturnOrderTest -->
