<?xml version="1.0" encoding="UTF-8"?>
<!-- Generated by org.testng.reporters.JUnitReportReporter -->
<testsuite hostname="sangegs1" name="com.training.sanity.tests.TaxReportTest" tests="1" failures="0" timestamp="18 Jun 2019 06:55:17 GMT" time="16.997" errors="0">
  <testcase name="taxReport" time="16.997" classname="com.training.sanity.tests.TaxReportTest"/>
</testsuite> <!-- com.training.sanity.tests.TaxReportTest -->
